c:\users\user\desktop\network\0905 api+클라이언트 실습2\0905 api+클라이언트 실습2\debug\vc141.pdb
c:\users\user\desktop\network\0905 api+클라이언트 실습2\0905 api+클라이언트 실습2\debug\vc141.idb
c:\users\user\desktop\network\0905 api+클라이언트 실습2\0905 api+클라이언트 실습2\debug\wbclient.obj
c:\users\user\desktop\network\0905 api+클라이언트 실습2\0905 api+클라이언트 실습2\debug\uipaint.obj
c:\users\user\desktop\network\0905 api+클라이언트 실습2\0905 api+클라이언트 실습2\debug\uimsg.obj
c:\users\user\desktop\network\0905 api+클라이언트 실습2\0905 api+클라이언트 실습2\debug\start.obj
c:\users\user\desktop\network\0905 api+클라이언트 실습2\0905 api+클라이언트 실습2\debug\packet.obj
c:\users\user\desktop\network\0905 api+클라이언트 실습2\0905 api+클라이언트 실습2\debug\handler.obj
c:\users\user\desktop\network\0905 api+클라이언트 실습2\debug\0905 api+클라이언트 실습2.exe
c:\users\user\desktop\network\0905 api+클라이언트 실습2\debug\0905 api+클라이언트 실습2.ilk
c:\users\user\desktop\network\0905 api+클라이언트 실습2\debug\0905 api+클라이언트 실습2.pdb
c:\users\user\desktop\network\0905 api+클라이언트 실습2\0905 api+클라이언트 실습2\debug\0905 api+클라이언트 실습2.res
c:\users\user\desktop\network\0905 api+클라이언트 실습2\0905 api+클라이언트 실습2\debug\0905 api.7aae1ee3.tlog\cl.command.1.tlog
c:\users\user\desktop\network\0905 api+클라이언트 실습2\0905 api+클라이언트 실습2\debug\0905 api.7aae1ee3.tlog\cl.read.1.tlog
c:\users\user\desktop\network\0905 api+클라이언트 실습2\0905 api+클라이언트 실습2\debug\0905 api.7aae1ee3.tlog\cl.write.1.tlog
c:\users\user\desktop\network\0905 api+클라이언트 실습2\0905 api+클라이언트 실습2\debug\0905 api.7aae1ee3.tlog\link.command.1.tlog
c:\users\user\desktop\network\0905 api+클라이언트 실습2\0905 api+클라이언트 실습2\debug\0905 api.7aae1ee3.tlog\link.read.1.tlog
c:\users\user\desktop\network\0905 api+클라이언트 실습2\0905 api+클라이언트 실습2\debug\0905 api.7aae1ee3.tlog\link.write.1.tlog
c:\users\user\desktop\network\0905 api+클라이언트 실습2\0905 api+클라이언트 실습2\debug\0905 api.7aae1ee3.tlog\rc.command.1.tlog
c:\users\user\desktop\network\0905 api+클라이언트 실습2\0905 api+클라이언트 실습2\debug\0905 api.7aae1ee3.tlog\rc.read.1.tlog
c:\users\user\desktop\network\0905 api+클라이언트 실습2\0905 api+클라이언트 실습2\debug\0905 api.7aae1ee3.tlog\rc.write.1.tlog
