c:\users\user\desktop\network\0905-3(콘서트)\0905-3(콘서트)\debug\vc141.pdb
c:\users\user\desktop\network\0905-3(콘서트)\0905-3(콘서트)\debug\vc141.idb
c:\users\user\desktop\network\0905-3(콘서트)\0905-3(콘서트)\debug\wbclient.obj
c:\users\user\desktop\network\0905-3(콘서트)\0905-3(콘서트)\debug\ui.obj
c:\users\user\desktop\network\0905-3(콘서트)\0905-3(콘서트)\debug\start.obj
c:\users\user\desktop\network\0905-3(콘서트)\0905-3(콘서트)\debug\packet.obj
c:\users\user\desktop\network\0905-3(콘서트)\0905-3(콘서트)\debug\infoproc.obj
c:\users\user\desktop\network\0905-3(콘서트)\0905-3(콘서트)\debug\handler.obj
c:\users\user\desktop\network\0905-3(콘서트)\debug\0905-3(콘서트).exe
c:\users\user\desktop\network\0905-3(콘서트)\debug\0905-3(콘서트).ilk
c:\users\user\desktop\network\0905-3(콘서트)\debug\0905-3(콘서트).pdb
c:\users\user\desktop\network\0905-3(콘서트)\0905-3(콘서트)\debug\0905-3(콘서트).res
c:\users\user\desktop\network\0905-3(콘서트)\0905-3(콘서트)\debug\0905-3(콘서트).tlog\cl.command.1.tlog
c:\users\user\desktop\network\0905-3(콘서트)\0905-3(콘서트)\debug\0905-3(콘서트).tlog\cl.read.1.tlog
c:\users\user\desktop\network\0905-3(콘서트)\0905-3(콘서트)\debug\0905-3(콘서트).tlog\cl.write.1.tlog
c:\users\user\desktop\network\0905-3(콘서트)\0905-3(콘서트)\debug\0905-3(콘서트).tlog\link.command.1.tlog
c:\users\user\desktop\network\0905-3(콘서트)\0905-3(콘서트)\debug\0905-3(콘서트).tlog\link.read.1.tlog
c:\users\user\desktop\network\0905-3(콘서트)\0905-3(콘서트)\debug\0905-3(콘서트).tlog\link.write.1.tlog
c:\users\user\desktop\network\0905-3(콘서트)\0905-3(콘서트)\debug\0905-3(콘서트).tlog\rc.command.1.tlog
c:\users\user\desktop\network\0905-3(콘서트)\0905-3(콘서트)\debug\0905-3(콘서트).tlog\rc.read.1.tlog
c:\users\user\desktop\network\0905-3(콘서트)\0905-3(콘서트)\debug\0905-3(콘서트).tlog\rc.write.1.tlog
