c:\users\user\desktop\오라클\0918-2\0918-2\debug\vc141.pdb
c:\users\user\desktop\오라클\0918-2\0918-2\debug\vc141.idb
c:\users\user\desktop\오라클\0918-2\0918-2\debug\소스.obj
c:\users\user\desktop\오라클\0918-2\0918-2\debug\wbdb.obj
c:\users\user\desktop\오라클\0918-2\0918-2\debug\ui.obj
c:\users\user\desktop\오라클\0918-2\0918-2\debug\handler.obj
c:\users\user\desktop\오라클\0918-2\0918-2\debug\0918-2.res
c:\users\user\desktop\오라클\0918-2\debug\0918-2.pdb
c:\users\user\desktop\오라클\0918-2\0918-2\debug\0918-2.tlog\cl.command.1.tlog
c:\users\user\desktop\오라클\0918-2\0918-2\debug\0918-2.tlog\cl.read.1.tlog
c:\users\user\desktop\오라클\0918-2\0918-2\debug\0918-2.tlog\cl.write.1.tlog
c:\users\user\desktop\오라클\0918-2\0918-2\debug\0918-2.tlog\link-cvtres.read.1.tlog
c:\users\user\desktop\오라클\0918-2\0918-2\debug\0918-2.tlog\link-cvtres.write.1.tlog
c:\users\user\desktop\오라클\0918-2\0918-2\debug\0918-2.tlog\link-rc.read.1.tlog
c:\users\user\desktop\오라클\0918-2\0918-2\debug\0918-2.tlog\link-rc.write.1.tlog
c:\users\user\desktop\오라클\0918-2\0918-2\debug\0918-2.tlog\link.10876-cvtres.read.1.tlog
c:\users\user\desktop\오라클\0918-2\0918-2\debug\0918-2.tlog\link.10876-cvtres.write.1.tlog
c:\users\user\desktop\오라클\0918-2\0918-2\debug\0918-2.tlog\link.10876-rc.read.1.tlog
c:\users\user\desktop\오라클\0918-2\0918-2\debug\0918-2.tlog\link.10876-rc.write.1.tlog
c:\users\user\desktop\오라클\0918-2\0918-2\debug\0918-2.tlog\link.10876.read.1.tlog
c:\users\user\desktop\오라클\0918-2\0918-2\debug\0918-2.tlog\link.10876.write.1.tlog
c:\users\user\desktop\오라클\0918-2\0918-2\debug\0918-2.tlog\link.command.1.tlog
c:\users\user\desktop\오라클\0918-2\0918-2\debug\0918-2.tlog\link.read.1.tlog
c:\users\user\desktop\오라클\0918-2\0918-2\debug\0918-2.tlog\link.write.1.tlog
c:\users\user\desktop\오라클\0918-2\0918-2\debug\0918-2.tlog\rc.command.1.tlog
c:\users\user\desktop\오라클\0918-2\0918-2\debug\0918-2.tlog\rc.read.1.tlog
c:\users\user\desktop\오라클\0918-2\0918-2\debug\0918-2.tlog\rc.write.1.tlog
